2025-01-28 22:36:08,659 - INFO - 开始模拟交易，初始余额: {'binance': {'BTC': 0.0001}, 'kraken': {'BTC': 0.0001}}
2025-01-28 22:36:14,696 - ERROR - 获取binance价格失败: binance GET https://fapi.binance.com/fapi/v1/exchangeInfo
2025-01-28 22:36:24,700 - INFO - 币安价格: 买入102710.37/卖出102710.36
2025-01-28 22:36:24,701 - INFO - Kraken价格: 买入102694.5/卖出102675.1
2025-01-28 22:36:30,257 - INFO - 币安价格: 买入102712.53/卖出102712.52
2025-01-28 22:36:30,258 - INFO - Kraken价格: 买入102698.4/卖出102672.5
2025-01-28 22:36:36,090 - INFO - 币安价格: 买入102682.04/卖出102682.03
2025-01-28 22:36:36,090 - INFO - Kraken价格: 买入102671.2/卖出102671.1
2025-01-28 22:36:41,944 - INFO - 币安价格: 买入102636.79/卖出102636.78
2025-01-28 22:36:41,944 - INFO - Kraken价格: 买入102656.3/卖出102656.2
2025-01-28 22:36:48,037 - INFO - 币安价格: 买入102639.51/卖出102639.5
2025-01-28 22:36:48,037 - INFO - Kraken价格: 买入102656.3/卖出102656.2
2025-01-28 22:36:53,592 - INFO - 币安价格: 买入102661.73/卖出102661.72
2025-01-28 22:36:53,592 - INFO - Kraken价格: 买入102656.3/卖出102656.2
2025-01-28 22:36:59,069 - INFO - 币安价格: 买入102663.66/卖出102663.65
2025-01-28 22:36:59,069 - INFO - Kraken价格: 买入102656.3/卖出102656.2
2025-01-28 22:37:05,057 - INFO - 币安价格: 买入102711.66/卖出102711.65
2025-01-28 22:37:05,057 - INFO - Kraken价格: 买入102688.1/卖出102666.7
2025-01-28 22:37:10,902 - INFO - 币安价格: 买入102572.95/卖出102572.94
2025-01-28 22:37:10,902 - INFO - Kraken价格: 买入102584.6/卖出102556.4
2025-01-28 22:37:16,859 - INFO - 币安价格: 买入102594.55/卖出102594.54
2025-01-28 22:37:16,859 - INFO - Kraken价格: 买入102586.0/卖出102580.6
2025-01-28 22:37:22,386 - INFO - 币安价格: 买入102646.53/卖出102646.52
2025-01-28 22:37:22,386 - INFO - Kraken价格: 买入102623.7/卖出102623.6
2025-01-28 22:37:28,199 - INFO - 币安价格: 买入102631.25/卖出102631.24
2025-01-28 22:37:28,200 - INFO - Kraken价格: 买入102641.2/卖出102620.1
2025-01-28 22:37:33,995 - INFO - 币安价格: 买入102758.02/卖出102758.01
2025-01-28 22:37:33,995 - INFO - Kraken价格: 买入102746.3/卖出102746.2
2025-01-28 22:37:39,588 - INFO - 币安价格: 买入102812.81/卖出102812.8
2025-01-28 22:37:39,588 - INFO - Kraken价格: 买入102787.7/卖出102780.5
2025-01-28 22:37:45,432 - INFO - 币安价格: 买入102787.07/卖出102787.06
2025-01-28 22:37:45,432 - INFO - Kraken价格: 买入102789.1/卖出102789.0
2025-01-28 22:37:51,431 - INFO - 币安价格: 买入102802.49/卖出102802.48
2025-01-28 22:37:51,432 - INFO - Kraken价格: 买入102747.9/卖出102747.8
2025-01-28 22:37:56,994 - INFO - 币安价格: 买入102803.67/卖出102803.66
2025-01-28 22:37:56,994 - INFO - Kraken价格: 买入102788.9/卖出102771.8
2025-01-28 22:38:03,526 - INFO - 币安价格: 买入102814.4/卖出102814.39
2025-01-28 22:38:03,527 - INFO - Kraken价格: 买入102789.1/卖出102789.0
2025-01-28 22:38:09,066 - INFO - 币安价格: 买入102787.76/卖出102787.75
2025-01-28 22:38:09,066 - INFO - Kraken价格: 买入102772.1/卖出102772.0
2025-01-28 22:38:14,607 - INFO - 币安价格: 买入102762.59/卖出102762.58
2025-01-28 22:38:14,607 - INFO - Kraken价格: 买入102751.5/卖出102751.4
2025-01-28 22:38:20,195 - INFO - 币安价格: 买入102799.82/卖出102799.81
2025-01-28 22:38:20,196 - INFO - Kraken价格: 买入102778.6/卖出102768.2
2025-01-28 22:38:25,712 - INFO - 币安价格: 买入102860.33/卖出102859.74
2025-01-28 22:38:25,712 - INFO - Kraken价格: 买入102789.1/卖出102789.0
2025-01-28 22:38:31,272 - INFO - 币安价格: 买入102860.38/卖出102860.37
2025-01-28 22:38:31,273 - INFO - Kraken价格: 买入102789.1/卖出102789.0
2025-01-28 22:38:36,890 - INFO - 币安价格: 买入102872.71/卖出102872.7
2025-01-28 22:38:36,890 - INFO - Kraken价格: 买入102789.1/卖出102789.0
2025-01-28 22:38:42,388 - INFO - 币安价格: 买入102788.36/卖出102788.35
2025-01-28 22:38:42,388 - INFO - Kraken价格: 买入102789.1/卖出102789.0
2025-01-28 22:38:47,921 - INFO - 币安价格: 买入102770.42/卖出102770.41
2025-01-28 22:38:47,921 - INFO - Kraken价格: 买入102751.9/卖出102736.6
2025-01-28 22:38:53,457 - INFO - 币安价格: 买入102710.26/卖出102710.25
2025-01-28 22:38:53,457 - INFO - Kraken价格: 买入102723.3/卖出102708.0
2025-01-28 22:38:59,172 - INFO - 币安价格: 买入102699.26/卖出102699.25
2025-01-28 22:38:59,172 - INFO - Kraken价格: 买入102690.6/卖出102682.7
2025-01-28 22:39:04,739 - INFO - 币安价格: 买入102679.09/卖出102679.08
2025-01-28 22:39:04,740 - INFO - Kraken价格: 买入102647.1/卖出102630.7
2025-01-28 22:39:10,330 - INFO - 币安价格: 买入102692.25/卖出102692.24
2025-01-28 22:39:10,331 - INFO - Kraken价格: 买入102679.7/卖出102668.6
2025-01-28 22:39:15,858 - INFO - 币安价格: 买入102640.01/卖出102640.0
2025-01-28 22:39:15,858 - INFO - Kraken价格: 买入102646.5/卖出102618.7
2025-01-28 22:39:22,247 - INFO - 币安价格: 买入102668.58/卖出102668.57
2025-01-28 22:39:22,248 - INFO - Kraken价格: 买入102644.3/卖出102644.2
2025-01-28 22:39:27,787 - INFO - 币安价格: 买入102567.51/卖出102567.5
2025-01-28 22:39:27,788 - INFO - Kraken价格: 买入102600.1/卖出102600.0
2025-01-28 22:39:33,592 - INFO - 币安价格: 买入102630.26/卖出102630.25
2025-01-28 22:39:33,592 - INFO - Kraken价格: 买入102600.1/卖出102600.0
2025-01-28 22:39:39,671 - INFO - 币安价格: 买入102605.84/卖出102605.83
2025-01-28 22:39:39,671 - INFO - Kraken价格: 买入102600.1/卖出102600.0
2025-01-28 22:39:45,236 - INFO - 币安价格: 买入102604.0/卖出102603.99
2025-01-28 22:39:45,236 - INFO - Kraken价格: 买入102600.5/卖出102600.4
2025-01-28 22:39:50,829 - INFO - 币安价格: 买入102558.43/卖出102558.42
2025-01-28 22:39:50,830 - INFO - Kraken价格: 买入102600.1/卖出102600.0
2025-01-28 22:39:56,363 - INFO - 币安价格: 买入102580.9/卖出102580.89
2025-01-28 22:39:56,364 - INFO - Kraken价格: 买入102600.1/卖出102600.0
2025-01-28 22:40:01,848 - INFO - 币安价格: 买入102575.17/卖出102575.16
2025-01-28 22:40:01,848 - INFO - Kraken价格: 买入102600.1/卖出102600.0
2025-01-28 22:40:07,423 - INFO - 币安价格: 买入102575.96/卖出102575.95
2025-01-28 22:40:07,423 - INFO - Kraken价格: 买入102600.1/卖出102600.0
2025-01-28 22:40:12,995 - INFO - 币安价格: 买入102600.36/卖出102600.01
2025-01-28 22:40:12,995 - INFO - Kraken价格: 买入102600.1/卖出102600.0
2025-01-28 22:40:18,648 - INFO - 币安价格: 买入102688.03/卖出102688.02
2025-01-28 22:40:18,649 - INFO - Kraken价格: 买入102661.9/卖出102661.8
2025-01-28 22:40:24,460 - INFO - 币安价格: 买入102692.0/卖出102691.99
2025-01-28 22:40:24,461 - INFO - Kraken价格: 买入102669.3/卖出102661.8
2025-01-28 22:40:29,986 - INFO - 币安价格: 买入102680.8/卖出102680.79
2025-01-28 22:40:29,986 - INFO - Kraken价格: 买入102667.1/卖出102667.0
2025-01-28 22:40:35,778 - INFO - 币安价格: 买入102666.92/卖出102666.91
2025-01-28 22:40:35,779 - INFO - Kraken价格: 买入102661.9/卖出102661.8
2025-01-28 22:40:41,595 - INFO - 币安价格: 买入102680.0/卖出102679.99
2025-01-28 22:40:41,595 - INFO - Kraken价格: 买入102661.9/卖出102661.8
2025-01-28 22:40:47,525 - INFO - 币安价格: 买入102618.97/卖出102618.96
2025-01-28 22:40:47,525 - INFO - Kraken价格: 买入102661.9/卖出102661.8
2025-01-28 22:40:53,110 - INFO - 币安价格: 买入102655.26/卖出102655.25
2025-01-28 22:40:53,111 - INFO - Kraken价格: 买入102661.9/卖出102661.8
2025-01-28 22:40:58,891 - INFO - 币安价格: 买入102729.91/卖出102729.9
2025-01-28 22:40:58,892 - INFO - Kraken价格: 买入102722.7/卖出102698.5
2025-01-28 22:41:04,212 - INFO - 币安价格: 买入102703.97/卖出102703.96
2025-01-28 22:41:04,212 - INFO - Kraken价格: 买入102713.9/卖出102713.8
2025-01-28 22:41:09,480 - INFO - 币安价格: 买入102496.01/卖出102496.0
2025-01-28 22:41:09,481 - INFO - Kraken价格: 买入102600.1/卖出102600.0
2025-01-28 22:41:15,031 - INFO - 币安价格: 买入102489.19/卖出102489.18
2025-01-28 22:41:15,031 - INFO - Kraken价格: 买入102496.6/卖出102488.5
2025-01-28 22:41:20,545 - INFO - 币安价格: 买入102411.98/卖出102411.97
2025-01-28 22:41:20,545 - INFO - Kraken价格: 买入102451.4/卖出102451.3
2025-01-28 22:41:26,376 - INFO - 币安价格: 买入102382.32/卖出102382.31
2025-01-28 22:41:26,376 - INFO - Kraken价格: 买入102417.1/卖出102417.0
2025-01-28 22:41:31,919 - INFO - 币安价格: 买入102407.99/卖出102407.98
2025-01-28 22:41:31,920 - INFO - Kraken价格: 买入102417.1/卖出102417.0
2025-01-28 22:41:37,466 - INFO - 币安价格: 买入102399.48/卖出102399.47
2025-01-28 22:41:37,466 - INFO - Kraken价格: 买入102417.1/卖出102417.0
2025-01-28 22:41:43,016 - INFO - 币安价格: 买入102296.01/卖出102296.0
2025-01-28 22:41:43,020 - INFO - Kraken价格: 买入102338.7/卖出102338.6
2025-01-28 22:41:48,815 - INFO - 币安价格: 买入102280.0/卖出102279.99
2025-01-28 22:41:48,815 - INFO - Kraken价格: 买入102274.8/卖出102274.7
2025-01-28 22:41:54,857 - INFO - 币安价格: 买入102222.77/卖出102222.76
2025-01-28 22:41:54,858 - INFO - Kraken价格: 买入102266.7/卖出102266.6
2025-01-28 22:42:00,390 - INFO - 币安价格: 买入102191.88/卖出102191.87
2025-01-28 22:42:00,390 - INFO - Kraken价格: 买入102200.1/卖出102200.0
2025-01-28 22:42:05,929 - INFO - 币安价格: 买入102189.79/卖出102189.78
2025-01-28 22:42:05,929 - INFO - Kraken价格: 买入102200.1/卖出102200.0
2025-01-28 22:42:11,509 - INFO - 币安价格: 买入102192.0/卖出102191.99
2025-01-28 22:42:11,509 - INFO - Kraken价格: 买入102200.1/卖出102200.0
2025-01-28 22:42:16,993 - INFO - 币安价格: 买入102191.2/卖出102191.19
2025-01-28 22:42:16,993 - INFO - Kraken价格: 买入102200.1/卖出102200.0
2025-01-28 22:42:22,918 - INFO - 币安价格: 买入102092.0/卖出102091.99
2025-01-28 22:42:22,918 - INFO - Kraken价格: 买入102135.0/卖出102134.9
2025-01-28 22:42:28,514 - INFO - 币安价格: 买入102066.96/卖出102066.95
2025-01-28 22:42:28,515 - INFO - Kraken价格: 买入102135.0/卖出102134.9
2025-01-28 22:42:34,078 - INFO - 币安价格: 买入102083.66/卖出102083.65
2025-01-28 22:42:34,078 - INFO - Kraken价格: 买入102129.0/卖出102128.9
2025-01-28 22:42:39,673 - INFO - 币安价格: 买入102118.16/卖出102118.15
2025-01-28 22:42:39,674 - INFO - Kraken价格: 买入102129.0/卖出102128.9
2025-01-28 22:42:45,305 - INFO - 币安价格: 买入102083.93/卖出102083.92
2025-01-28 22:42:45,305 - INFO - Kraken价格: 买入102129.0/卖出102128.9
2025-01-28 22:42:50,811 - INFO - 币安价格: 买入102081.45/卖出102081.44
2025-01-28 22:42:50,811 - INFO - Kraken价格: 买入102129.0/卖出102128.9
2025-01-28 22:42:56,366 - INFO - 币安价格: 买入102100.58/卖出102100.57
2025-01-28 22:42:56,366 - INFO - Kraken价格: 买入102129.0/卖出102128.9
2025-01-28 22:43:01,999 - INFO - 币安价格: 买入102146.41/卖出102146.4
2025-01-28 22:43:01,999 - INFO - Kraken价格: 买入102129.0/卖出102128.9
2025-01-28 22:43:07,553 - INFO - 币安价格: 买入102118.03/卖出102118.02
2025-01-28 22:43:07,553 - INFO - Kraken价格: 买入102129.0/卖出102128.9
2025-01-28 22:43:13,670 - INFO - 币安价格: 买入102112.0/卖出102111.99
2025-01-28 22:43:13,671 - INFO - Kraken价格: 买入102129.0/卖出102128.9
2025-01-28 22:43:18,967 - INFO - 币安价格: 买入102147.48/卖出102147.47
2025-01-28 22:43:18,967 - INFO - Kraken价格: 买入102129.0/卖出102128.9
2025-01-28 22:43:24,421 - INFO - 币安价格: 买入102192.43/卖出102192.42
2025-01-28 22:43:24,421 - INFO - Kraken价格: 买入102179.3/卖出102158.1
2025-01-28 22:43:29,914 - INFO - 币安价格: 买入102174.45/卖出102174.44
2025-01-28 22:43:29,914 - INFO - Kraken价格: 买入102187.4/卖出102175.1
2025-01-28 22:43:35,482 - INFO - 币安价格: 买入102173.45/卖出102173.44
2025-01-28 22:43:35,482 - INFO - Kraken价格: 买入102158.1/卖出102134.7
2025-01-28 22:43:40,783 - INFO - 币安价格: 买入102188.9/卖出102188.89
2025-01-28 22:43:40,784 - INFO - Kraken价格: 买入102195.9/卖出102186.2
2025-01-28 22:43:46,322 - INFO - 币安价格: 买入102172.27/卖出102172.26
2025-01-28 22:43:46,322 - INFO - Kraken价格: 买入102151.3/卖出102151.2
2025-01-28 22:43:51,766 - INFO - 币安价格: 买入102184.01/卖出102184.0
2025-01-28 22:43:51,766 - INFO - Kraken价格: 买入102147.5/卖出102147.4
2025-01-28 22:43:57,704 - INFO - 币安价格: 买入102198.0/卖出102197.99
2025-01-28 22:43:57,704 - INFO - Kraken价格: 买入102182.8/卖出102172.7
2025-01-28 22:44:03,746 - INFO - 币安价格: 买入102169.12/卖出102169.11
2025-01-28 22:44:03,746 - INFO - Kraken价格: 买入102183.2/卖出102183.1
2025-01-28 22:44:09,376 - INFO - 币安价格: 买入102206.11/卖出102206.1
2025-01-28 22:44:09,377 - INFO - Kraken价格: 买入102155.0/卖出102154.9
2025-01-28 22:44:15,009 - INFO - 币安价格: 买入102188.01/卖出102188.0
2025-01-28 22:44:15,009 - INFO - Kraken价格: 买入102169.1/卖出102159.2
2025-01-28 22:44:20,585 - INFO - 币安价格: 买入102182.01/卖出102182.0
2025-01-28 22:44:20,586 - INFO - Kraken价格: 买入102162.9/卖出102162.5
2025-01-28 22:44:26,122 - INFO - 币安价格: 买入102198.02/卖出102198.01
2025-01-28 22:44:26,123 - INFO - Kraken价格: 买入102175.9/卖出102158.8
2025-01-28 22:44:31,654 - INFO - 币安价格: 买入102128.01/卖出102128.0
2025-01-28 22:44:31,654 - INFO - Kraken价格: 买入102158.1/卖出102152.9
2025-01-28 22:44:37,231 - INFO - 币安价格: 买入102116.47/卖出102116.46
2025-01-28 22:44:37,231 - INFO - Kraken价格: 买入102129.0/卖出102128.9
2025-01-28 22:44:42,764 - INFO - 币安价格: 买入102128.31/卖出102128.3
2025-01-28 22:44:42,764 - INFO - Kraken价格: 买入102129.0/卖出102128.9
2025-01-28 22:44:48,392 - INFO - 币安价格: 买入102148.92/卖出102148.91
2025-01-28 22:44:48,393 - INFO - Kraken价格: 买入102133.9/卖出102133.8
2025-01-28 22:44:53,978 - INFO - 币安价格: 买入102162.76/卖出102162.75
2025-01-28 22:44:53,979 - INFO - Kraken价格: 买入102140.2/卖出102140.1
2025-01-28 22:44:59,275 - INFO - 币安价格: 买入102152.37/卖出102152.36
2025-01-28 22:44:59,276 - INFO - Kraken价格: 买入102129.0/卖出102128.9
2025-01-28 22:45:04,886 - INFO - 币安价格: 买入102325.08/卖出102325.07
2025-01-28 22:45:04,886 - INFO - Kraken价格: 买入102223.9/卖出102195.5
2025-01-28 22:45:10,407 - INFO - 币安价格: 买入102334.01/卖出102334.0
2025-01-28 22:45:10,408 - INFO - Kraken价格: 买入102308.1/卖出102308.0
2025-01-28 22:45:15,913 - INFO - 币安价格: 买入102340.47/卖出102340.46
2025-01-28 22:45:15,914 - INFO - Kraken价格: 买入102302.8/卖出102302.7
2025-01-28 22:45:21,422 - INFO - 币安价格: 买入102366.08/卖出102366.07
2025-01-28 22:45:21,422 - INFO - Kraken价格: 买入102308.1/卖出102308.0
2025-01-28 22:45:26,906 - INFO - 币安价格: 买入102302.0/卖出102301.99
2025-01-28 22:45:26,906 - INFO - Kraken价格: 买入102275.0/卖出102274.9
2025-01-28 22:45:32,596 - INFO - 币安价格: 买入102374.47/卖出102374.46
2025-01-28 22:45:32,597 - INFO - Kraken价格: 买入102308.1/卖出102308.0
2025-01-28 22:45:38,161 - INFO - 币安价格: 买入102390.0/卖出102389.99
2025-01-28 22:45:38,161 - INFO - Kraken价格: 买入102308.1/卖出102308.0
2025-01-28 22:45:43,688 - INFO - 币安价格: 买入102437.75/卖出102437.74
2025-01-28 22:45:43,688 - INFO - Kraken价格: 买入102350.1/卖出102350.0
2025-01-28 22:45:49,217 - INFO - 币安价格: 买入102352.0/卖出102351.99
2025-01-28 22:45:49,218 - INFO - Kraken价格: 买入102350.1/卖出102350.0
2025-01-28 22:45:54,786 - INFO - 币安价格: 买入102314.01/卖出102314.0
2025-01-28 22:45:54,786 - INFO - Kraken价格: 买入102350.1/卖出102350.0
2025-01-28 22:46:00,380 - INFO - 币安价格: 买入102313.16/卖出102313.15
2025-01-28 22:46:00,380 - INFO - Kraken价格: 买入102350.1/卖出102350.0
2025-01-28 22:46:06,419 - INFO - 币安价格: 买入102293.8/卖出102293.79
2025-01-28 22:46:06,420 - INFO - Kraken价格: 买入102275.6/卖出102275.2
2025-01-28 22:46:11,425 - INFO - 模拟交易结束
2025-01-28 22:46:11,425 - INFO - 交易结果: {
  "初始总额(BTC)": 0.0002,
  "最终总额(BTC)": 0.0002,
  "盈利(BTC)": 0.0,
  "盈利率": "0.00%",
  "交易次数": 0,
  "最终余额": {
    "binance": {
      "BTC": 0.0001
    },
    "kraken": {
      "BTC": 0.0001
    }
  }
}
2025-01-28 22:47:33,723 - INFO - 开始模拟交易，初始余额: {'binance': {'BTC': 0.0001}, 'kraken': {'BTC': 0.0001}}
2025-01-28 22:47:37,601 - INFO - 币安价格: 买入102278.8/卖出102278.79
2025-01-28 22:47:37,601 - INFO - Kraken价格: 买入102246.8/卖出102246.7
2025-01-28 22:47:43,110 - INFO - 币安价格: 买入102198.01/卖出102198.0
2025-01-28 22:47:43,110 - INFO - Kraken价格: 买入102183.7/卖出102183.6
2025-01-28 22:47:49,175 - INFO - 币安价格: 买入102160.01/卖出102160.0
2025-01-28 22:47:49,175 - INFO - Kraken价格: 买入102145.6/卖出102145.5
2025-01-28 22:47:54,641 - INFO - 币安价格: 买入102276.99/卖出102276.98
2025-01-28 22:47:54,641 - INFO - Kraken价格: 买入102261.8/卖出102236.3
2025-01-28 22:48:00,190 - INFO - 币安价格: 买入102201.23/卖出102201.22
2025-01-28 22:48:00,190 - INFO - Kraken价格: 买入102195.7/卖出102179.9
2025-01-28 22:48:05,849 - INFO - 币安价格: 买入102272.0/卖出102271.99
2025-01-28 22:48:05,849 - INFO - Kraken价格: 买入102168.6/卖出102168.5
2025-01-28 22:48:11,351 - INFO - 币安价格: 买入102271.44/卖出102271.43
2025-01-28 22:48:11,351 - INFO - Kraken价格: 买入102250.3/卖出102242.7
2025-01-28 22:48:16,981 - INFO - 币安价格: 买入102193.34/卖出102193.33
2025-01-28 22:48:16,982 - INFO - Kraken价格: 买入102168.7/卖出102160.7
2025-01-28 22:48:22,439 - INFO - 币安价格: 买入102289.78/卖出102289.77
2025-01-28 22:48:22,439 - INFO - Kraken价格: 买入102279.0/卖出102250.1
2025-01-28 22:48:27,963 - INFO - 币安价格: 买入102249.32/卖出102249.31
2025-01-28 22:48:27,963 - INFO - Kraken价格: 买入102215.4/卖出102215.3
2025-01-28 22:48:33,471 - INFO - 币安价格: 买入102279.58/卖出102279.57
2025-01-28 22:48:33,471 - INFO - Kraken价格: 买入102258.2/卖出102243.9
2025-01-28 22:48:38,769 - INFO - 币安价格: 买入102345.13/卖出102345.12
2025-01-28 22:48:38,769 - INFO - Kraken价格: 买入102328.9/卖出102313.7
2025-01-28 22:48:44,178 - INFO - 币安价格: 买入102328.81/卖出102328.8
2025-01-28 22:48:44,178 - INFO - Kraken价格: 买入102294.5/卖出102294.4
2025-01-28 22:48:49,670 - INFO - 币安价格: 买入102334.63/卖出102334.62
2025-01-28 22:48:49,670 - INFO - Kraken价格: 买入102310.9/卖出102302.7
2025-01-28 22:48:55,164 - INFO - 币安价格: 买入102262.34/卖出102262.33
2025-01-28 22:48:55,164 - INFO - Kraken价格: 买入102248.9/卖出102229.7
2025-01-28 22:49:00,808 - INFO - 币安价格: 买入102271.24/卖出102271.23
2025-01-28 22:49:00,808 - INFO - Kraken价格: 买入102270.5/卖出102270.4
2025-01-28 22:49:06,280 - INFO - 币安价格: 买入102262.0/卖出102261.99
2025-01-28 22:49:06,281 - INFO - Kraken价格: 买入102251.5/卖出102235.4
2025-01-28 22:49:11,878 - INFO - 币安价格: 买入102307.99/卖出102307.98
2025-01-28 22:49:11,879 - INFO - Kraken价格: 买入102281.0/卖出102268.9
2025-01-28 22:49:17,397 - INFO - 币安价格: 买入102362.0/卖出102361.99
2025-01-28 22:49:17,397 - INFO - Kraken价格: 买入102328.1/卖出102328.0
2025-01-28 22:49:22,933 - INFO - 币安价格: 买入102340.0/卖出102339.99
2025-01-28 22:49:22,933 - INFO - Kraken价格: 买入102327.4/卖出102275.8
2025-01-28 22:49:28,884 - INFO - 币安价格: 买入102340.01/卖出102340.0
2025-01-28 22:49:28,885 - INFO - Kraken价格: 买入102318.7/卖出102318.6
2025-01-28 22:49:34,500 - INFO - 币安价格: 买入102380.0/卖出102379.99
2025-01-28 22:49:34,500 - INFO - Kraken价格: 买入102350.1/卖出102350.0
2025-01-28 22:49:39,765 - INFO - 币安价格: 买入102432.0/卖出102431.99
2025-01-28 22:49:39,766 - INFO - Kraken价格: 买入102350.1/卖出102350.0
2025-01-28 22:49:45,323 - INFO - 币安价格: 买入102385.44/卖出102385.43
2025-01-28 22:49:45,323 - INFO - Kraken价格: 买入102379.0/卖出102378.9
2025-01-28 22:49:50,895 - INFO - 币安价格: 买入102434.0/卖出102433.99
2025-01-28 22:49:50,895 - INFO - Kraken价格: 买入102379.0/卖出102378.9
2025-01-28 22:49:56,415 - INFO - 币安价格: 买入102440.0/卖出102439.99
2025-01-28 22:49:56,415 - INFO - Kraken价格: 买入102379.0/卖出102378.9
2025-01-28 22:50:01,726 - INFO - 币安价格: 买入102426.99/卖出102426.98
2025-01-28 22:50:01,726 - INFO - Kraken价格: 买入102379.0/卖出102378.9
2025-01-28 22:50:07,268 - INFO - 币安价格: 买入102462.0/卖出102461.99
2025-01-28 22:50:07,269 - INFO - Kraken价格: 买入102451.3/卖出102451.2
2025-01-28 22:50:12,696 - INFO - 币安价格: 买入102416.01/卖出102416.0
2025-01-28 22:50:12,697 - INFO - Kraken价格: 买入102417.2/卖出102393.3
2025-01-28 22:50:18,174 - INFO - 币安价格: 买入102389.17/卖出102389.16
2025-01-28 22:50:18,174 - INFO - Kraken价格: 买入102378.9/卖出102378.8
2025-01-28 22:50:24,779 - INFO - 币安价格: 买入102345.75/卖出102345.74
2025-01-28 22:50:24,779 - INFO - Kraken价格: 买入102378.9/卖出102378.8
2025-01-28 22:50:30,309 - INFO - 币安价格: 买入102326.47/卖出102326.46
2025-01-28 22:50:30,309 - INFO - Kraken价格: 买入102319.3/卖出102304.8
2025-01-28 22:50:35,789 - INFO - 币安价格: 买入102286.01/卖出102286.0
2025-01-28 22:50:35,790 - INFO - Kraken价格: 买入102271.9/卖出102256.5
2025-01-28 22:50:41,265 - INFO - 币安价格: 买入102257.45/卖出102257.44
2025-01-28 22:50:41,265 - INFO - Kraken价格: 买入102272.0/卖出102240.5
2025-01-28 22:50:46,799 - INFO - 币安价格: 买入102235.8/卖出102235.79
2025-01-28 22:50:46,799 - INFO - Kraken价格: 买入102242.4/卖出102227.5
2025-01-28 22:50:52,397 - INFO - 币安价格: 买入102273.21/卖出102273.2
2025-01-28 22:50:52,397 - INFO - Kraken价格: 买入102271.7/卖出102241.5
2025-01-28 22:50:57,858 - INFO - 币安价格: 买入102277.61/卖出102277.6
2025-01-28 22:50:57,858 - INFO - Kraken价格: 买入102264.3/卖出102246.4
2025-01-28 22:51:03,377 - INFO - 币安价格: 买入102286.4/卖出102286.39
2025-01-28 22:51:03,377 - INFO - Kraken价格: 买入102266.0/卖出102249.4
2025-01-28 22:51:08,831 - INFO - 币安价格: 买入102261.18/卖出102261.17
2025-01-28 22:51:08,832 - INFO - Kraken价格: 买入102229.0/卖出102207.4
2025-01-28 22:51:14,025 - INFO - 币安价格: 买入102332.0/卖出102331.99
2025-01-28 22:51:14,026 - INFO - Kraken价格: 买入102302.5/卖出102260.6
2025-01-28 22:51:19,574 - INFO - 币安价格: 买入102332.0/卖出102331.99
2025-01-28 22:51:19,574 - INFO - Kraken价格: 买入102299.2/卖出102286.7
2025-01-28 22:51:25,145 - INFO - 币安价格: 买入102304.28/卖出102304.27
2025-01-28 22:51:25,145 - INFO - Kraken价格: 买入102312.6/卖出102312.5
2025-01-28 22:51:30,621 - INFO - 币安价格: 买入102288.0/卖出102287.99
2025-01-28 22:51:30,622 - INFO - Kraken价格: 买入102274.7/卖出102229.5
2025-01-28 22:51:36,102 - INFO - 币安价格: 买入102311.21/卖出102311.2
2025-01-28 22:51:36,102 - INFO - Kraken价格: 买入102276.3/卖出102276.2
2025-01-28 22:51:41,580 - INFO - 币安价格: 买入102372.77/卖出102372.76
2025-01-28 22:51:41,580 - INFO - Kraken价格: 买入102322.2/卖出102322.1
2025-01-28 22:51:47,212 - INFO - 币安价格: 买入102424.0/卖出102423.99
2025-01-28 22:51:47,212 - INFO - Kraken价格: 买入102401.9/卖出102401.8
2025-01-28 22:51:52,472 - INFO - 币安价格: 买入102488.0/卖出102487.99
2025-01-28 22:51:52,473 - INFO - Kraken价格: 买入102401.9/卖出102401.8
2025-01-28 22:51:58,025 - INFO - 币安价格: 买入102499.84/卖出102499.83
2025-01-28 22:51:58,026 - INFO - Kraken价格: 买入102401.9/卖出102401.8
2025-01-28 22:52:03,287 - INFO - 币安价格: 买入102540.02/卖出102540.01
2025-01-28 22:52:03,287 - INFO - Kraken价格: 买入102500.6/卖出102500.5
2025-01-28 22:52:09,124 - INFO - 币安价格: 买入102589.75/卖出102589.74
2025-01-28 22:52:09,125 - INFO - Kraken价格: 买入102500.6/卖出102500.5
2025-01-28 22:52:14,655 - INFO - 币安价格: 买入102512.78/卖出102512.77
2025-01-28 22:52:14,655 - INFO - Kraken价格: 买入102494.8/卖出102494.7
2025-01-28 22:52:20,190 - INFO - 币安价格: 买入102506.0/卖出102505.99
2025-01-28 22:52:20,191 - INFO - Kraken价格: 买入102482.8/卖出102471.8
2025-01-28 22:52:25,719 - INFO - 币安价格: 买入102500.22/卖出102500.21
2025-01-28 22:52:25,719 - INFO - Kraken价格: 买入102472.7/卖出102472.6
2025-01-28 22:52:31,187 - INFO - 币安价格: 买入102495.9/卖出102495.89
2025-01-28 22:52:31,187 - INFO - Kraken价格: 买入102437.6/卖出102423.6
2025-01-28 22:52:36,781 - INFO - 币安价格: 买入102517.97/卖出102515.99
2025-01-28 22:52:36,781 - INFO - Kraken价格: 买入102468.6/卖出102468.1
2025-01-28 22:52:42,405 - INFO - 币安价格: 买入102474.01/卖出102474.0
2025-01-28 22:52:42,405 - INFO - Kraken价格: 买入102487.1/卖出102474.3
2025-01-28 22:52:47,885 - INFO - 币安价格: 买入102432.01/卖出102432.0
2025-01-28 22:52:47,885 - INFO - Kraken价格: 买入102430.6/卖出102430.5
2025-01-28 22:52:53,381 - INFO - 币安价格: 买入102449.78/卖出102449.77
2025-01-28 22:52:53,381 - INFO - Kraken价格: 买入102430.6/卖出102400.9
2025-01-28 22:52:59,199 - INFO - 币安价格: 买入102502.0/卖出102501.99
2025-01-28 22:52:59,199 - INFO - Kraken价格: 买入102456.6/卖出102456.5
2025-01-28 22:53:04,728 - INFO - 币安价格: 买入102500.03/卖出102500.02
2025-01-28 22:53:04,728 - INFO - Kraken价格: 买入102456.6/卖出102456.5
2025-01-28 22:53:10,127 - INFO - 币安价格: 买入102528.01/卖出102528.0
2025-01-28 22:53:10,127 - INFO - Kraken价格: 买入102529.9/卖出102506.0
2025-01-28 22:53:15,583 - INFO - 币安价格: 买入102541.0/卖出102540.99
2025-01-28 22:53:15,583 - INFO - Kraken价格: 买入102514.6/卖出102501.7
2025-01-28 22:53:21,385 - INFO - 币安价格: 买入102450.76/卖出102450.75
2025-01-28 22:53:21,385 - INFO - Kraken价格: 买入102424.0/卖出102415.6
2025-01-28 22:53:26,912 - INFO - 币安价格: 买入102429.63/卖出102429.62
2025-01-28 22:53:26,912 - INFO - Kraken价格: 买入102413.3/卖出102403.7
2025-01-28 22:53:32,449 - INFO - 币安价格: 买入102470.0/卖出102469.99
2025-01-28 22:53:32,449 - INFO - Kraken价格: 买入102454.8/卖出102453.3
2025-01-28 22:53:38,009 - INFO - 币安价格: 买入102454.56/卖出102454.55
2025-01-28 22:53:38,009 - INFO - Kraken价格: 买入102453.3/卖出102453.2
2025-01-28 22:53:43,487 - INFO - 币安价格: 买入102470.0/卖出102469.99
2025-01-28 22:53:43,488 - INFO - Kraken价格: 买入102453.2/卖出102442.6
2025-01-28 22:53:48,891 - INFO - 币安价格: 买入102499.16/卖出102499.15
2025-01-28 22:53:48,891 - INFO - Kraken价格: 买入102454.3/卖出102439.2
2025-01-28 22:53:54,494 - INFO - 币安价格: 买入102506.01/卖出102506.0
2025-01-28 22:53:54,494 - INFO - Kraken价格: 买入102492.4/卖出102479.2
2025-01-28 22:53:59,914 - INFO - 币安价格: 买入102468.01/卖出102468.0
2025-01-28 22:53:59,914 - INFO - Kraken价格: 买入102452.4/卖出102436.9
2025-01-28 22:54:05,556 - INFO - 币安价格: 买入102492.01/卖出102492.0
2025-01-28 22:54:05,557 - INFO - Kraken价格: 买入102509.9/卖出102509.8
2025-01-28 22:54:11,290 - INFO - 币安价格: 买入102480.98/卖出102480.97
2025-01-28 22:54:11,290 - INFO - Kraken价格: 买入102483.1/卖出102483.0
2025-01-28 22:54:16,688 - INFO - 币安价格: 买入102494.65/卖出102494.64
2025-01-28 22:54:16,689 - INFO - Kraken价格: 买入102466.7/卖出102448.6
2025-01-28 22:54:22,410 - INFO - 币安价格: 买入102471.29/卖出102471.28
2025-01-28 22:54:22,411 - INFO - Kraken价格: 买入102465.4/卖出102455.0
2025-01-28 22:54:27,966 - INFO - 币安价格: 买入102507.72/卖出102507.71
2025-01-28 22:54:27,966 - INFO - Kraken价格: 买入102488.0/卖出102470.8
2025-01-28 22:54:33,612 - INFO - 币安价格: 买入102601.44/卖出102601.43
2025-01-28 22:54:33,612 - INFO - Kraken价格: 买入102563.2/卖出102553.9
2025-01-28 22:54:39,141 - INFO - 币安价格: 买入102573.19/卖出102573.18
2025-01-28 22:54:39,142 - INFO - Kraken价格: 买入102542.9/卖出102537.5
2025-01-28 22:54:44,775 - INFO - 币安价格: 买入102616.0/卖出102615.99
2025-01-28 22:54:44,776 - INFO - Kraken价格: 买入102563.2/卖出102555.3
2025-01-28 22:54:50,271 - INFO - 币安价格: 买入102628.04/卖出102628.03
2025-01-28 22:54:50,271 - INFO - Kraken价格: 买入102578.4/卖出102578.3
2025-01-28 22:54:55,747 - INFO - 币安价格: 买入102650.06/卖出102650.05
2025-01-28 22:54:55,747 - INFO - Kraken价格: 买入102589.9/卖出102589.8
2025-01-28 22:55:02,387 - INFO - 币安价格: 买入102724.48/卖出102724.47
2025-01-28 22:55:02,387 - INFO - Kraken价格: 买入102651.1/卖出102651.0
2025-01-28 22:55:07,573 - INFO - 币安价格: 买入102706.0/卖出102705.99
2025-01-28 22:55:07,573 - INFO - Kraken价格: 买入102651.1/卖出102651.0
2025-01-28 22:55:13,140 - INFO - 币安价格: 买入102738.99/卖出102738.98
2025-01-28 22:55:13,141 - INFO - Kraken价格: 买入102651.1/卖出102651.0
2025-01-28 22:55:18,773 - INFO - 币安价格: 买入102756.87/卖出102756.86
2025-01-28 22:55:18,774 - INFO - Kraken价格: 买入102758.2/卖出102758.1
2025-01-28 22:55:24,198 - INFO - 币安价格: 买入102643.34/卖出102643.33
2025-01-28 22:55:24,199 - INFO - Kraken价格: 买入102668.9/卖出102666.1
2025-01-28 22:55:29,728 - INFO - 币安价格: 买入102667.18/卖出102667.17
2025-01-28 22:55:29,728 - INFO - Kraken价格: 买入102669.9/卖出102656.5
2025-01-28 22:55:35,262 - INFO - 币安价格: 买入102728.01/卖出102728.0
2025-01-28 22:55:35,263 - INFO - Kraken价格: 买入102719.2/卖出102705.6
2025-01-28 22:55:40,786 - INFO - 币安价格: 买入102777.63/卖出102777.62
2025-01-28 22:55:40,786 - INFO - Kraken价格: 买入102717.8/卖出102713.2
2025-01-28 22:55:46,420 - INFO - 币安价格: 买入102762.0/卖出102761.99
2025-01-28 22:55:46,421 - INFO - Kraken价格: 买入102742.4/卖出102742.3
2025-01-28 22:55:51,861 - INFO - 币安价格: 买入102754.63/卖出102754.62
2025-01-28 22:55:51,861 - INFO - Kraken价格: 买入102728.3/卖出102728.2
2025-01-28 22:55:57,376 - INFO - 币安价格: 买入102768.01/卖出102768.0
2025-01-28 22:55:57,376 - INFO - Kraken价格: 买入102744.5/卖出102744.4
2025-01-28 22:56:02,897 - INFO - 币安价格: 买入102770.77/卖出102770.76
2025-01-28 22:56:02,897 - INFO - Kraken价格: 买入102745.0/卖出102744.9
2025-01-28 22:56:08,402 - INFO - 币安价格: 买入102685.58/卖出102685.57
2025-01-28 22:56:08,403 - INFO - Kraken价格: 买入102705.9/卖出102705.8
2025-01-28 22:56:13,587 - INFO - 币安价格: 买入102694.0/卖出102693.99
2025-01-28 22:56:13,588 - INFO - Kraken价格: 买入102658.0/卖出102652.8
2025-01-28 22:56:19,086 - INFO - 币安价格: 买入102678.01/卖出102678.0
2025-01-28 22:56:19,086 - INFO - Kraken价格: 买入102660.9/卖出102658.4
2025-01-28 22:56:24,514 - INFO - 币安价格: 买入102662.01/卖出102662.0
2025-01-28 22:56:24,514 - INFO - Kraken价格: 买入102651.0/卖出102650.9
2025-01-28 22:56:29,803 - INFO - 币安价格: 买入102660.0/卖出102659.99
2025-01-28 22:56:29,803 - INFO - Kraken价格: 买入102640.3/卖出102640.2
2025-01-28 22:56:35,333 - INFO - 币安价格: 买入102658.0/卖出102657.99
2025-01-28 22:56:35,333 - INFO - Kraken价格: 买入102640.3/卖出102640.2
2025-01-28 22:56:40,907 - INFO - 币安价格: 买入102660.46/卖出102660.45
2025-01-28 22:56:40,907 - INFO - Kraken价格: 买入102645.5/卖出102640.3
2025-01-28 22:56:46,513 - INFO - 币安价格: 买入102648.58/卖出102648.57
2025-01-28 22:56:46,513 - INFO - Kraken价格: 买入102640.3/卖出102640.2
2025-01-28 22:56:51,908 - INFO - 币安价格: 买入102662.01/卖出102662.0
2025-01-28 22:56:51,908 - INFO - Kraken价格: 买入102640.3/卖出102640.2
2025-01-28 22:56:57,393 - INFO - 币安价格: 买入102689.37/卖出102689.36
2025-01-28 22:56:57,393 - INFO - Kraken价格: 买入102666.2/卖出102653.4
2025-01-28 22:57:02,921 - INFO - 币安价格: 买入102694.0/卖出102693.99
2025-01-28 22:57:02,921 - INFO - Kraken价格: 买入102664.6/卖出102664.5
2025-01-28 22:57:08,374 - INFO - 币安价格: 买入102734.29/卖出102734.28
2025-01-28 22:57:08,374 - INFO - Kraken价格: 买入102691.6/卖出102691.5
2025-01-28 22:57:14,281 - INFO - 币安价格: 买入102727.14/卖出102727.13
2025-01-28 22:57:14,281 - INFO - Kraken价格: 买入102721.9/卖出102700.1
2025-01-28 22:57:19,797 - INFO - 币安价格: 买入102727.14/卖出102727.13
2025-01-28 22:57:19,797 - INFO - Kraken价格: 买入102702.5/卖出102702.4
2025-01-28 22:57:25,296 - INFO - 币安价格: 买入102727.76/卖出102727.75
2025-01-28 22:57:25,297 - INFO - Kraken价格: 买入102701.4/卖出102698.1
2025-01-28 22:57:30,767 - INFO - 币安价格: 买入102728.0/卖出102727.99
2025-01-28 22:57:30,767 - INFO - Kraken价格: 买入102682.7/卖出102682.6
2025-01-28 22:57:35,776 - INFO - 模拟交易结束
2025-01-28 22:57:35,777 - INFO - 交易结果: {
  "初始总额(BTC)": 0.0002,
  "最终总额(BTC)": 0.0002,
  "盈利(BTC)": 0.0,
  "盈利率": "0.00%",
  "交易次数": 0,
  "最终余额": {
    "binance": {
      "BTC": 0.0001
    },
    "kraken": {
      "BTC": 0.0001
    }
  }
}
2025-01-28 23:14:54,592 - INFO - 开始模拟交易，初始余额: {'binance': {'BTC': 0.0001}, 'kraken': {'BTC': 0.0001}}
2025-01-28 23:14:58,334 - INFO - 币安价格: 买入102934.03/卖出102934.02
2025-01-28 23:14:58,335 - INFO - Kraken价格: 买入102922.8/卖出102912.1
2025-01-28 23:15:04,650 - INFO - 币安价格: 买入102936.27/卖出102936.26
2025-01-28 23:15:04,650 - INFO - Kraken价格: 买入102922.5/卖出102922.4
2025-01-28 23:15:10,206 - INFO - 币安价格: 买入102946.01/卖出102946.0
2025-01-28 23:15:10,207 - INFO - Kraken价格: 买入102922.5/卖出102922.4
2025-01-28 23:15:15,735 - INFO - 币安价格: 买入102890.0/卖出102889.99
2025-01-28 23:15:15,735 - INFO - Kraken价格: 买入102877.2/卖出102861.2
2025-01-28 23:15:21,156 - INFO - 币安价格: 买入102923.05/卖出102923.04
2025-01-28 23:15:21,156 - INFO - Kraken价格: 买入102907.1/卖出102902.0
2025-01-28 23:15:26,692 - INFO - 币安价格: 买入102909.1/卖出102909.09
2025-01-28 23:15:26,692 - INFO - Kraken价格: 买入102896.4/卖出102896.3
2025-01-28 23:15:32,213 - INFO - 币安价格: 买入102858.16/卖出102858.15
2025-01-28 23:15:32,213 - INFO - Kraken价格: 买入102870.4/卖出102870.3
2025-01-28 23:15:37,467 - INFO - 币安价格: 买入102867.48/卖出102867.47
2025-01-28 23:15:37,467 - INFO - Kraken价格: 买入102825.3/卖出102825.2
2025-01-28 23:15:42,976 - INFO - 币安价格: 买入102871.99/卖出102871.98
2025-01-28 23:15:42,977 - INFO - Kraken价格: 买入102851.7/卖出102842.7
2025-01-28 23:15:48,617 - INFO - 币安价格: 买入102907.32/卖出102907.31
2025-01-28 23:15:48,617 - INFO - Kraken价格: 买入102903.3/卖出102884.6
2025-01-28 23:15:54,127 - INFO - 币安价格: 买入102889.99/卖出102889.98
2025-01-28 23:15:54,128 - INFO - Kraken价格: 买入102883.0/卖出102882.9
2025-01-28 23:15:59,665 - INFO - 币安价格: 买入102878.78/卖出102878.77
2025-01-28 23:15:59,665 - INFO - Kraken价格: 买入102854.2/卖出102838.2
2025-01-28 23:16:05,130 - INFO - 币安价格: 买入102848.49/卖出102848.48
2025-01-28 23:16:05,130 - INFO - Kraken价格: 买入102817.7/卖出102817.6
2025-01-28 23:16:10,642 - INFO - 币安价格: 买入102848.49/卖出102848.48
2025-01-28 23:16:10,643 - INFO - Kraken价格: 买入102817.7/卖出102817.6
2025-01-28 23:16:16,152 - INFO - 币安价格: 买入102840.94/卖出102840.93
2025-01-28 23:16:16,152 - INFO - Kraken价格: 买入102818.4/卖出102818.3
2025-01-28 23:16:21,401 - INFO - 币安价格: 买入102859.85/卖出102859.84
2025-01-28 23:16:21,401 - INFO - Kraken价格: 买入102833.1/卖出102833.0
2025-01-28 23:16:26,801 - INFO - 币安价格: 买入102840.01/卖出102840.0
2025-01-28 23:16:26,802 - INFO - Kraken价格: 买入102812.8/卖出102812.4
2025-01-28 23:16:32,277 - INFO - 币安价格: 买入102827.36/卖出102827.35
2025-01-28 23:16:32,278 - INFO - Kraken价格: 买入102812.9/卖出102812.8
2025-01-28 23:16:37,759 - INFO - 币安价格: 买入102843.99/卖出102843.98
2025-01-28 23:16:37,759 - INFO - Kraken价格: 买入102824.8/卖出102818.8
2025-01-28 23:16:43,225 - INFO - 币安价格: 买入102846.65/卖出102846.64
2025-01-28 23:16:43,225 - INFO - Kraken价格: 买入102825.0/卖出102824.9
2025-01-28 23:16:48,615 - INFO - 币安价格: 买入102840.39/卖出102840.38
2025-01-28 23:16:48,615 - INFO - Kraken价格: 买入102825.0/卖出102824.9
2025-01-28 23:16:53,990 - INFO - 币安价格: 买入102878.79/卖出102878.78
2025-01-28 23:16:53,990 - INFO - Kraken价格: 买入102858.0/卖出102857.9
2025-01-28 23:16:59,521 - INFO - 币安价格: 买入102846.27/卖出102846.26
2025-01-28 23:16:59,521 - INFO - Kraken价格: 买入102828.6/卖出102828.5
2025-01-28 23:17:05,509 - INFO - 币安价格: 买入102873.01/卖出102873.0
2025-01-28 23:17:05,510 - INFO - Kraken价格: 买入102849.8/卖出102849.7
2025-01-28 23:17:11,307 - INFO - 币安价格: 买入102878.79/卖出102878.78
2025-01-28 23:17:11,307 - INFO - Kraken价格: 买入102854.9/卖出102854.8
2025-01-28 23:17:16,885 - INFO - 币安价格: 买入102939.4/卖出102939.39
2025-01-28 23:17:16,886 - INFO - Kraken价格: 买入102922.8/卖出102896.5
2025-01-28 23:17:23,748 - INFO - 币安价格: 买入102946.33/卖出102946.32
2025-01-28 23:17:23,748 - INFO - Kraken价格: 买入102917.7/卖出102917.6
2025-01-28 23:17:29,222 - INFO - 币安价格: 买入102948.37/卖出102948.36
2025-01-28 23:17:29,222 - INFO - Kraken价格: 买入102926.2/卖出102926.1
2025-01-28 23:17:34,756 - INFO - 币安价格: 买入102953.99/卖出102953.98
2025-01-28 23:17:34,756 - INFO - Kraken价格: 买入102926.2/卖出102926.1
2025-01-28 23:17:39,930 - INFO - 币安价格: 买入102950.04/卖出102950.03
2025-01-28 23:17:39,930 - INFO - Kraken价格: 买入102928.4/卖出102928.3
2025-01-28 23:17:45,344 - INFO - 币安价格: 买入102948.27/卖出102948.26
2025-01-28 23:17:45,344 - INFO - Kraken价格: 买入102928.4/卖出102928.3
2025-01-28 23:17:50,771 - INFO - 币安价格: 买入102969.7/卖出102969.69
2025-01-28 23:17:50,771 - INFO - Kraken价格: 买入102928.4/卖出102928.3
2025-01-28 23:17:56,302 - INFO - 币安价格: 买入102945.95/卖出102945.94
2025-01-28 23:17:56,302 - INFO - Kraken价格: 买入102925.6/卖出102925.5
2025-01-28 23:18:01,475 - INFO - 币安价格: 买入102936.54/卖出102936.53
2025-01-28 23:18:01,476 - INFO - Kraken价格: 买入102925.6/卖出102925.5
2025-01-28 23:18:07,359 - INFO - 币安价格: 买入102891.88/卖出102891.87
2025-01-28 23:18:07,359 - INFO - Kraken价格: 买入102880.1/卖出102880.0
2025-01-28 23:18:12,788 - INFO - 币安价格: 买入102827.36/卖出102827.35
2025-01-28 23:18:12,789 - INFO - Kraken价格: 买入102865.3/卖出102865.2
2025-01-28 23:18:18,316 - INFO - 币安价格: 买入102831.24/卖出102831.23
2025-01-28 23:18:18,317 - INFO - Kraken价格: 买入102865.3/卖出102865.2
2025-01-28 23:18:23,699 - INFO - 币安价格: 买入102822.01/卖出102822.0
2025-01-28 23:18:23,699 - INFO - Kraken价格: 买入102865.3/卖出102865.2
2025-01-28 23:18:29,166 - INFO - 币安价格: 买入102780.26/卖出102780.25
2025-01-28 23:18:29,166 - INFO - Kraken价格: 买入102768.0/卖出102757.6
2025-01-28 23:18:34,552 - INFO - 币安价格: 买入102783.99/卖出102783.98
2025-01-28 23:18:34,552 - INFO - Kraken价格: 买入102750.8/卖出102746.4
2025-01-28 23:18:40,129 - INFO - 币安价格: 买入102769.24/卖出102769.23
2025-01-28 23:18:40,129 - INFO - Kraken价格: 买入102748.6/卖出102748.5
2025-01-28 23:18:45,550 - INFO - 币安价格: 买入102764.01/卖出102764.0
2025-01-28 23:18:45,550 - INFO - Kraken价格: 买入102745.5/卖出102745.4
2025-01-28 23:18:50,800 - INFO - 币安价格: 买入102789.72/卖出102789.71
2025-01-28 23:18:50,801 - INFO - Kraken价格: 买入102745.9/卖出102745.8
2025-01-28 23:18:56,239 - INFO - 币安价格: 买入102850.02/卖出102850.01
2025-01-28 23:18:56,239 - INFO - Kraken价格: 买入102841.9/卖出102817.8
2025-01-28 23:19:02,042 - INFO - 币安价格: 买入102838.55/卖出102838.54
2025-01-28 23:19:02,043 - INFO - Kraken价格: 买入102809.2/卖出102809.1
2025-01-28 23:19:07,572 - INFO - 币安价格: 买入102860.0/卖出102859.99
2025-01-28 23:19:07,573 - INFO - Kraken价格: 买入102846.7/卖出102836.3
2025-01-28 23:19:13,101 - INFO - 币安价格: 买入102848.74/卖出102848.73
2025-01-28 23:19:13,101 - INFO - Kraken价格: 买入102824.2/卖出102824.1
2025-01-28 23:19:18,965 - INFO - 币安价格: 买入102858.0/卖出102857.99
2025-01-28 23:19:18,966 - INFO - Kraken价格: 买入102824.2/卖出102824.1
2025-01-28 23:19:24,481 - INFO - 币安价格: 买入102903.95/卖出102903.94
2025-01-28 23:19:24,481 - INFO - Kraken价格: 买入102887.2/卖出102879.6
2025-01-28 23:19:29,999 - INFO - 币安价格: 买入102907.17/卖出102907.16
2025-01-28 23:19:29,999 - INFO - Kraken价格: 买入102885.1/卖出102885.0
2025-01-28 23:19:35,526 - INFO - 币安价格: 买入102912.0/卖出102911.99
2025-01-28 23:19:35,526 - INFO - Kraken价格: 买入102885.3/卖出102885.2
2025-01-28 23:19:40,956 - INFO - 币安价格: 买入102860.0/卖出102859.99
2025-01-28 23:19:40,957 - INFO - Kraken价格: 买入102860.4/卖出102860.3
2025-01-28 23:19:46,393 - INFO - 币安价格: 买入102860.0/卖出102859.99
2025-01-28 23:19:46,393 - INFO - Kraken价格: 买入102839.5/卖出102839.4
2025-01-28 23:19:51,874 - INFO - 币安价格: 买入102829.6/卖出102829.59
2025-01-28 23:19:51,875 - INFO - Kraken价格: 买入102816.3/卖出102816.2
2025-01-28 23:19:57,442 - INFO - 币安价格: 买入102829.6/卖出102829.59
2025-01-28 23:19:57,442 - INFO - Kraken价格: 买入102816.3/卖出102816.2
2025-01-28 23:20:02,951 - INFO - 币安价格: 买入102769.24/卖出102769.23
2025-01-28 23:20:02,951 - INFO - Kraken价格: 买入102752.9/卖出102752.8
2025-01-28 23:20:08,398 - INFO - 币安价格: 买入102746.0/卖出102745.99
2025-01-28 23:20:08,398 - INFO - Kraken价格: 买入102745.5/卖出102745.4
2025-01-28 23:20:13,934 - INFO - 币安价格: 买入102776.39/卖出102776.38
2025-01-28 23:20:13,935 - INFO - Kraken价格: 买入102768.1/卖出102756.3
2025-01-28 23:20:19,458 - INFO - 币安价格: 买入102783.99/卖出102783.98
2025-01-28 23:20:19,458 - INFO - Kraken价格: 买入102771.2/卖出102761.0
2025-01-28 23:20:25,090 - INFO - 币安价格: 买入102797.22/卖出102797.21
2025-01-28 23:20:25,090 - INFO - Kraken价格: 买入102773.8/卖出102773.7
2025-01-28 23:20:30,618 - INFO - 币安价格: 买入102802.34/卖出102802.33
2025-01-28 23:20:30,618 - INFO - Kraken价格: 买入102773.8/卖出102773.7
2025-01-28 23:20:36,042 - INFO - 币安价格: 买入102828.0/卖出102827.99
2025-01-28 23:20:36,042 - INFO - Kraken价格: 买入102785.7/卖出102785.6
2025-01-28 23:20:41,489 - INFO - 币安价格: 买入102825.3/卖出102825.29
2025-01-28 23:20:41,490 - INFO - Kraken价格: 买入102814.8/卖出102814.7
2025-01-28 23:20:47,004 - INFO - 币安价格: 买入102796.03/卖出102796.02
2025-01-28 23:20:47,005 - INFO - Kraken价格: 买入102772.1/卖出102772.0
2025-01-28 23:20:53,527 - INFO - 币安价格: 买入102825.17/卖出102825.16
2025-01-28 23:20:53,527 - INFO - Kraken价格: 买入102801.0/卖出102800.9
2025-01-28 23:20:59,188 - INFO - 币安价格: 买入102831.56/卖出102831.55
2025-01-28 23:20:59,188 - INFO - Kraken价格: 买入102801.0/卖出102800.9
2025-01-28 23:21:04,696 - INFO - 币安价格: 买入102828.02/卖出102828.01
2025-01-28 23:21:04,696 - INFO - Kraken价格: 买入102818.5/卖出102810.0
2025-01-28 23:21:10,248 - INFO - 币安价格: 买入102808.0/卖出102807.99
2025-01-28 23:21:10,249 - INFO - Kraken价格: 买入102786.4/卖出102786.3
2025-01-28 23:21:15,887 - INFO - 币安价格: 买入102762.04/卖出102762.03
2025-01-28 23:21:15,887 - INFO - Kraken价格: 买入102756.2/卖出102745.9
2025-01-28 23:21:21,060 - INFO - 币安价格: 买入102802.0/卖出102801.99
2025-01-28 23:21:21,060 - INFO - Kraken价格: 买入102774.5/卖出102764.9
2025-01-28 23:21:26,438 - INFO - 币安价格: 买入102798.58/卖出102798.57
2025-01-28 23:21:26,438 - INFO - Kraken价格: 买入102773.8/卖出102773.7
2025-01-28 23:21:31,937 - INFO - 币安价格: 买入102797.72/卖出102797.71
2025-01-28 23:21:31,938 - INFO - Kraken价格: 买入102785.6/卖出102785.5
2025-01-28 23:21:37,385 - INFO - 币安价格: 买入102765.18/卖出102765.17
2025-01-28 23:21:37,385 - INFO - Kraken价格: 买入102749.3/卖出102742.8
2025-01-28 23:21:42,835 - INFO - 币安价格: 买入102792.0/卖出102791.99
2025-01-28 23:21:42,836 - INFO - Kraken价格: 买入102753.9/卖出102753.8
2025-01-28 23:21:48,209 - INFO - 币安价格: 买入102776.01/卖出102776.0
2025-01-28 23:21:48,209 - INFO - Kraken价格: 买入102753.8/卖出102753.7
2025-01-28 23:21:53,653 - INFO - 币安价格: 买入102796.0/卖出102795.99
2025-01-28 23:21:53,653 - INFO - Kraken价格: 买入102766.2/卖出102757.4
2025-01-28 23:21:59,194 - INFO - 币安价格: 买入102796.0/卖出102795.99
2025-01-28 23:21:59,194 - INFO - Kraken价格: 买入102770.5/卖出102770.4
2025-01-28 23:22:04,645 - INFO - 币安价格: 买入102803.17/卖出102803.16
2025-01-28 23:22:04,645 - INFO - Kraken价格: 买入102783.9/卖出102783.8
2025-01-28 23:22:10,152 - INFO - 币安价格: 买入102848.49/卖出102848.48
2025-01-28 23:22:10,152 - INFO - Kraken价格: 买入102830.1/卖出102830.0
2025-01-28 23:22:15,784 - INFO - 币安价格: 买入102869.97/卖出102869.96
2025-01-28 23:22:15,784 - INFO - Kraken价格: 买入102852.9/卖出102840.2
2025-01-28 23:22:21,263 - INFO - 币安价格: 买入102865.38/卖出102865.37
2025-01-28 23:22:21,263 - INFO - Kraken价格: 买入102837.2/卖出102837.1
2025-01-28 23:22:26,705 - INFO - 币安价格: 买入102909.1/卖出102909.09
2025-01-28 23:22:26,706 - INFO - Kraken价格: 买入102862.0/卖出102861.9
2025-01-28 23:22:32,163 - INFO - 币安价格: 买入102932.0/卖出102931.99
2025-01-28 23:22:32,164 - INFO - Kraken价格: 买入102862.0/卖出102861.9
2025-01-28 23:22:37,703 - INFO - 币安价格: 买入102932.0/卖出102931.99
2025-01-28 23:22:37,703 - INFO - Kraken价格: 买入102862.0/卖出102861.9
2025-01-28 23:22:43,228 - INFO - 币安价格: 买入102926.88/卖出102926.87
2025-01-28 23:22:43,228 - INFO - Kraken价格: 买入102862.0/卖出102861.9
2025-01-28 23:22:48,759 - INFO - 币安价格: 买入102960.0/卖出102959.99
2025-01-28 23:22:48,759 - INFO - Kraken价格: 买入102862.0/卖出102861.9
2025-01-28 23:22:54,285 - INFO - 币安价格: 买入102894.05/卖出102894.04
2025-01-28 23:22:54,285 - INFO - Kraken价格: 买入102862.0/卖出102861.9
2025-01-28 23:22:59,821 - INFO - 币安价格: 买入102927.82/卖出102927.81
2025-01-28 23:22:59,821 - INFO - Kraken价格: 买入102862.0/卖出102861.9
2025-01-28 23:23:05,450 - INFO - 币安价格: 买入102990.01/卖出102990.0
2025-01-28 23:23:05,451 - INFO - Kraken价格: 买入102891.6/卖出102891.5
2025-01-28 23:23:10,885 - INFO - 币安价格: 买入103000.0/卖出102999.99
2025-01-28 23:23:10,885 - INFO - Kraken价格: 买入102972.4/卖出102972.3
2025-01-28 23:23:16,291 - INFO - 币安价格: 买入102979.71/卖出102979.7
2025-01-28 23:23:16,292 - INFO - Kraken价格: 买入102970.8/卖出102970.7
2025-01-28 23:23:21,725 - INFO - 币安价格: 买入103014.88/卖出103014.87
2025-01-28 23:23:21,725 - INFO - Kraken价格: 买入102989.0/卖出102988.9
2025-01-28 23:23:27,236 - INFO - 币安价格: 买入103037.2/卖出103037.19
2025-01-28 23:23:27,237 - INFO - Kraken价格: 买入102994.5/卖出102994.4
2025-01-28 23:23:32,631 - INFO - 币安价格: 买入103076.0/卖出103075.99
2025-01-28 23:23:32,632 - INFO - Kraken价格: 买入102994.5/卖出102994.4
2025-01-28 23:23:38,011 - INFO - 币安价格: 买入103080.0/卖出103079.99
2025-01-28 23:23:38,011 - INFO - Kraken价格: 买入102994.5/卖出102994.4
2025-01-28 23:23:43,543 - INFO - 币安价格: 买入103086.0/卖出103085.99
2025-01-28 23:23:43,543 - INFO - Kraken价格: 买入102994.5/卖出102994.4
2025-01-28 23:23:49,172 - INFO - 币安价格: 买入103094.73/卖出103094.72
2025-01-28 23:23:49,173 - INFO - Kraken价格: 买入103034.7/卖出103034.6
2025-01-28 23:23:54,703 - INFO - 币安价格: 买入103100.86/卖出103100.85
2025-01-28 23:23:54,703 - INFO - Kraken价格: 买入103034.7/卖出103034.6
2025-01-28 23:24:00,234 - INFO - 币安价格: 买入103108.0/卖出103107.99
2025-01-28 23:24:00,235 - INFO - Kraken价格: 买入103034.7/卖出103034.6
2025-01-28 23:24:05,659 - INFO - 币安价格: 买入103080.1/卖出103080.09
2025-01-28 23:24:05,660 - INFO - Kraken价格: 买入103034.7/卖出103034.6
2025-01-28 23:24:11,190 - INFO - 币安价格: 买入103063.5/卖出103063.49
2025-01-28 23:24:11,191 - INFO - Kraken价格: 买入103034.7/卖出103034.6
2025-01-28 23:24:16,618 - INFO - 币安价格: 买入103105.13/卖出103105.12
2025-01-28 23:24:16,619 - INFO - Kraken价格: 买入103034.7/卖出103034.6
2025-01-28 23:24:22,136 - INFO - 币安价格: 买入103104.01/卖出103104.0
2025-01-28 23:24:22,137 - INFO - Kraken价格: 买入103034.7/卖出103034.6
2025-01-28 23:24:27,336 - INFO - 币安价格: 买入103075.41/卖出103075.4
2025-01-28 23:24:27,336 - INFO - Kraken价格: 买入103056.8/卖出103056.7
2025-01-28 23:24:32,716 - INFO - 币安价格: 买入103075.49/卖出103075.48
2025-01-28 23:24:32,716 - INFO - Kraken价格: 买入103056.8/卖出103056.7
2025-01-28 23:24:38,104 - INFO - 币安价格: 买入103079.99/卖出103079.98
2025-01-28 23:24:38,104 - INFO - Kraken价格: 买入103056.8/卖出103056.7
2025-01-28 23:24:43,537 - INFO - 币安价格: 买入103079.99/卖出103079.98
2025-01-28 23:24:43,537 - INFO - Kraken价格: 买入103056.8/卖出103056.7
2025-01-28 23:24:49,284 - INFO - 币安价格: 买入103097.66/卖出103097.65
2025-01-28 23:24:49,284 - INFO - Kraken价格: 买入103056.8/卖出103056.7
2025-01-28 23:24:54,817 - INFO - 币安价格: 买入103112.96/卖出103112.95
2025-01-28 23:24:54,817 - INFO - Kraken价格: 买入103056.8/卖出103056.7
2025-01-28 23:24:59,827 - INFO - 模拟交易结束
2025-01-28 23:24:59,827 - INFO - 交易结果: {
  "初始总额(BTC)": 0.0002,
  "最终总额(BTC)": 0.0002,
  "盈利(BTC)": 0.0,
  "盈利率": "0.00%",
  "交易次数": 0,
  "最终余额": {
    "binance": {
      "BTC": 0.0001
    },
    "kraken": {
      "BTC": 0.0001
    }
  }
}
